<?xml version="1.0" encoding="UTF-8"?>
<testng-results ignored="0" total="1" passed="1" failed="0" skipped="0">
  <reporter-output>
  </reporter-output>
  <suite started-at="2025-08-20T17:33:23Z" name="Default suite" finished-at="2025-08-20T17:33:26Z" duration-ms="2553">
    <groups>
    </groups>
    <test started-at="2025-08-20T17:33:23Z" name="Default test" finished-at="2025-08-20T17:33:26Z" duration-ms="2553">
      <class name="test2.Test2">
        <test-method signature="getresponce()[pri:0, instance:test2.Test2@10f7f7de]" started-at="2025-08-20T17:33:23Z" name="getresponce" finished-at="2025-08-20T17:33:26Z" duration-ms="2539" status="PASS">
          <reporter-output>
          </reporter-output>
        </test-method> <!-- getresponce -->
      </class> <!-- test2.Test2 -->
    </test> <!-- Default test -->
  </suite> <!-- Default suite -->
</testng-results>
